CRITICAL - 2026-06-07 04:16:27 --> ParseError: syntax error, unexpected variable "$data", expecting "function" or "const"
[Method: GET, Route: admin/artikel/add]
in APPPATH\Controllers\Artikel.php on line 116.
 1 SYSTEMPATH\Autoloader\Autoloader.php(295): CodeIgniter\Autoloader\Autoloader->includeFile('C:\\xampp3\\htdocs\\lab11_ci\\ci4\\app\\Controllers\\Artikel.php')
 2 SYSTEMPATH\Autoloader\Autoloader.php(271): CodeIgniter\Autoloader\Autoloader->loadInNamespace('App\\Controllers\\Artikel')
 3 [internal function]: CodeIgniter\Autoloader\Autoloader->loadClass('App\\Controllers\\Artikel')
 4 SYSTEMPATH\Router\Router.php(792): class_exists('\\App\\Controllers\\Artikel')
 5 SYSTEMPATH\Router\Router.php(230): CodeIgniter\Router\Router->processRouteAttributes()
 6 SYSTEMPATH\CodeIgniter.php(829): CodeIgniter\Router\Router->handle('admin/artikel/add')
 7 SYSTEMPATH\CodeIgniter.php(441): CodeIgniter\CodeIgniter->tryToRouteIt(Object(CodeIgniter\Router\RouteCollection))
 8 SYSTEMPATH\CodeIgniter.php(340): CodeIgniter\CodeIgniter->handleRequest(null, Object(Config\Cache), false)
 9 SYSTEMPATH\Boot.php(417): CodeIgniter\CodeIgniter->run()
10 SYSTEMPATH\Boot.php(68): CodeIgniter\Boot::runCodeIgniter(Object(CodeIgniter\CodeIgniter))
11 FCPATH\index.php(60): CodeIgniter\Boot::bootWeb(Object(Config\Paths))
12 SYSTEMPATH\rewrite.php(44): require_once('C:\\xampp3\\htdocs\\lab11_ci\\ci4\\public\\index.php')
CRITICAL - 2026-06-07 04:16:34 --> ParseError: syntax error, unexpected variable "$data", expecting "function" or "const"
[Method: POST, Route: admin/artikel/add]
in APPPATH\Controllers\Artikel.php on line 116.
 1 SYSTEMPATH\Autoloader\Autoloader.php(295): CodeIgniter\Autoloader\Autoloader->includeFile('C:\\xampp3\\htdocs\\lab11_ci\\ci4\\app\\Controllers\\Artikel.php')
 2 SYSTEMPATH\Autoloader\Autoloader.php(271): CodeIgniter\Autoloader\Autoloader->loadInNamespace('App\\Controllers\\Artikel')
 3 [internal function]: CodeIgniter\Autoloader\Autoloader->loadClass('App\\Controllers\\Artikel')
 4 SYSTEMPATH\Router\Router.php(792): class_exists('\\App\\Controllers\\Artikel')
 5 SYSTEMPATH\Router\Router.php(230): CodeIgniter\Router\Router->processRouteAttributes()
 6 SYSTEMPATH\CodeIgniter.php(829): CodeIgniter\Router\Router->handle('admin/artikel/add')
 7 SYSTEMPATH\CodeIgniter.php(441): CodeIgniter\CodeIgniter->tryToRouteIt(Object(CodeIgniter\Router\RouteCollection))
 8 SYSTEMPATH\CodeIgniter.php(340): CodeIgniter\CodeIgniter->handleRequest(null, Object(Config\Cache), false)
 9 SYSTEMPATH\Boot.php(417): CodeIgniter\CodeIgniter->run()
10 SYSTEMPATH\Boot.php(68): CodeIgniter\Boot::runCodeIgniter(Object(CodeIgniter\CodeIgniter))
11 FCPATH\index.php(60): CodeIgniter\Boot::bootWeb(Object(Config\Paths))
12 SYSTEMPATH\rewrite.php(44): require_once('C:\\xampp3\\htdocs\\lab11_ci\\ci4\\public\\index.php')
CRITICAL - 2026-06-07 04:16:39 --> ParseError: syntax error, unexpected variable "$data", expecting "function" or "const"
[Method: GET, Route: admin/artikel]
in APPPATH\Controllers\Artikel.php on line 116.
 1 SYSTEMPATH\Autoloader\Autoloader.php(295): CodeIgniter\Autoloader\Autoloader->includeFile('C:\\xampp3\\htdocs\\lab11_ci\\ci4\\app\\Controllers\\Artikel.php')
 2 SYSTEMPATH\Autoloader\Autoloader.php(271): CodeIgniter\Autoloader\Autoloader->loadInNamespace('App\\Controllers\\Artikel')
 3 [internal function]: CodeIgniter\Autoloader\Autoloader->loadClass('App\\Controllers\\Artikel')
 4 SYSTEMPATH\Router\Router.php(792): class_exists('\\App\\Controllers\\Artikel')
 5 SYSTEMPATH\Router\Router.php(230): CodeIgniter\Router\Router->processRouteAttributes()
 6 SYSTEMPATH\CodeIgniter.php(829): CodeIgniter\Router\Router->handle('admin/artikel')
 7 SYSTEMPATH\CodeIgniter.php(441): CodeIgniter\CodeIgniter->tryToRouteIt(Object(CodeIgniter\Router\RouteCollection))
 8 SYSTEMPATH\CodeIgniter.php(340): CodeIgniter\CodeIgniter->handleRequest(null, Object(Config\Cache), false)
 9 SYSTEMPATH\Boot.php(417): CodeIgniter\CodeIgniter->run()
10 SYSTEMPATH\Boot.php(68): CodeIgniter\Boot::runCodeIgniter(Object(CodeIgniter\CodeIgniter))
11 FCPATH\index.php(60): CodeIgniter\Boot::bootWeb(Object(Config\Paths))
12 SYSTEMPATH\rewrite.php(44): require_once('C:\\xampp3\\htdocs\\lab11_ci\\ci4\\public\\index.php')
CRITICAL - 2026-06-07 04:16:41 --> ParseError: syntax error, unexpected variable "$data", expecting "function" or "const"
[Method: GET, Route: admin/artikel]
in APPPATH\Controllers\Artikel.php on line 116.
 1 SYSTEMPATH\Autoloader\Autoloader.php(295): CodeIgniter\Autoloader\Autoloader->includeFile('C:\\xampp3\\htdocs\\lab11_ci\\ci4\\app\\Controllers\\Artikel.php')
 2 SYSTEMPATH\Autoloader\Autoloader.php(271): CodeIgniter\Autoloader\Autoloader->loadInNamespace('App\\Controllers\\Artikel')
 3 [internal function]: CodeIgniter\Autoloader\Autoloader->loadClass('App\\Controllers\\Artikel')
 4 SYSTEMPATH\Router\Router.php(792): class_exists('\\App\\Controllers\\Artikel')
 5 SYSTEMPATH\Router\Router.php(230): CodeIgniter\Router\Router->processRouteAttributes()
 6 SYSTEMPATH\CodeIgniter.php(829): CodeIgniter\Router\Router->handle('admin/artikel')
 7 SYSTEMPATH\CodeIgniter.php(441): CodeIgniter\CodeIgniter->tryToRouteIt(Object(CodeIgniter\Router\RouteCollection))
 8 SYSTEMPATH\CodeIgniter.php(340): CodeIgniter\CodeIgniter->handleRequest(null, Object(Config\Cache), false)
 9 SYSTEMPATH\Boot.php(417): CodeIgniter\CodeIgniter->run()
10 SYSTEMPATH\Boot.php(68): CodeIgniter\Boot::runCodeIgniter(Object(CodeIgniter\CodeIgniter))
11 FCPATH\index.php(60): CodeIgniter\Boot::bootWeb(Object(Config\Paths))
12 SYSTEMPATH\rewrite.php(44): require_once('C:\\xampp3\\htdocs\\lab11_ci\\ci4\\public\\index.php')
CRITICAL - 2026-06-07 04:16:43 --> ParseError: syntax error, unexpected variable "$data", expecting "function" or "const"
[Method: GET, Route: admin/artikel]
in APPPATH\Controllers\Artikel.php on line 116.
 1 SYSTEMPATH\Autoloader\Autoloader.php(295): CodeIgniter\Autoloader\Autoloader->includeFile('C:\\xampp3\\htdocs\\lab11_ci\\ci4\\app\\Controllers\\Artikel.php')
 2 SYSTEMPATH\Autoloader\Autoloader.php(271): CodeIgniter\Autoloader\Autoloader->loadInNamespace('App\\Controllers\\Artikel')
 3 [internal function]: CodeIgniter\Autoloader\Autoloader->loadClass('App\\Controllers\\Artikel')
 4 SYSTEMPATH\Router\Router.php(792): class_exists('\\App\\Controllers\\Artikel')
 5 SYSTEMPATH\Router\Router.php(230): CodeIgniter\Router\Router->processRouteAttributes()
 6 SYSTEMPATH\CodeIgniter.php(829): CodeIgniter\Router\Router->handle('admin/artikel')
 7 SYSTEMPATH\CodeIgniter.php(441): CodeIgniter\CodeIgniter->tryToRouteIt(Object(CodeIgniter\Router\RouteCollection))
 8 SYSTEMPATH\CodeIgniter.php(340): CodeIgniter\CodeIgniter->handleRequest(null, Object(Config\Cache), false)
 9 SYSTEMPATH\Boot.php(417): CodeIgniter\CodeIgniter->run()
10 SYSTEMPATH\Boot.php(68): CodeIgniter\Boot::runCodeIgniter(Object(CodeIgniter\CodeIgniter))
11 FCPATH\index.php(60): CodeIgniter\Boot::bootWeb(Object(Config\Paths))
12 SYSTEMPATH\rewrite.php(44): require_once('C:\\xampp3\\htdocs\\lab11_ci\\ci4\\public\\index.php')
CRITICAL - 2026-06-07 04:16:43 --> ParseError: syntax error, unexpected variable "$data", expecting "function" or "const"
[Method: GET, Route: admin/artikel]
in APPPATH\Controllers\Artikel.php on line 116.
 1 SYSTEMPATH\Autoloader\Autoloader.php(295): CodeIgniter\Autoloader\Autoloader->includeFile('C:\\xampp3\\htdocs\\lab11_ci\\ci4\\app\\Controllers\\Artikel.php')
 2 SYSTEMPATH\Autoloader\Autoloader.php(271): CodeIgniter\Autoloader\Autoloader->loadInNamespace('App\\Controllers\\Artikel')
 3 [internal function]: CodeIgniter\Autoloader\Autoloader->loadClass('App\\Controllers\\Artikel')
 4 SYSTEMPATH\Router\Router.php(792): class_exists('\\App\\Controllers\\Artikel')
 5 SYSTEMPATH\Router\Router.php(230): CodeIgniter\Router\Router->processRouteAttributes()
 6 SYSTEMPATH\CodeIgniter.php(829): CodeIgniter\Router\Router->handle('admin/artikel')
 7 SYSTEMPATH\CodeIgniter.php(441): CodeIgniter\CodeIgniter->tryToRouteIt(Object(CodeIgniter\Router\RouteCollection))
 8 SYSTEMPATH\CodeIgniter.php(340): CodeIgniter\CodeIgniter->handleRequest(null, Object(Config\Cache), false)
 9 SYSTEMPATH\Boot.php(417): CodeIgniter\CodeIgniter->run()
10 SYSTEMPATH\Boot.php(68): CodeIgniter\Boot::runCodeIgniter(Object(CodeIgniter\CodeIgniter))
11 FCPATH\index.php(60): CodeIgniter\Boot::bootWeb(Object(Config\Paths))
12 SYSTEMPATH\rewrite.php(44): require_once('C:\\xampp3\\htdocs\\lab11_ci\\ci4\\public\\index.php')
CRITICAL - 2026-06-07 04:16:44 --> ParseError: syntax error, unexpected variable "$data", expecting "function" or "const"
[Method: GET, Route: admin/artikel]
in APPPATH\Controllers\Artikel.php on line 116.
 1 SYSTEMPATH\Autoloader\Autoloader.php(295): CodeIgniter\Autoloader\Autoloader->includeFile('C:\\xampp3\\htdocs\\lab11_ci\\ci4\\app\\Controllers\\Artikel.php')
 2 SYSTEMPATH\Autoloader\Autoloader.php(271): CodeIgniter\Autoloader\Autoloader->loadInNamespace('App\\Controllers\\Artikel')
 3 [internal function]: CodeIgniter\Autoloader\Autoloader->loadClass('App\\Controllers\\Artikel')
 4 SYSTEMPATH\Router\Router.php(792): class_exists('\\App\\Controllers\\Artikel')
 5 SYSTEMPATH\Router\Router.php(230): CodeIgniter\Router\Router->processRouteAttributes()
 6 SYSTEMPATH\CodeIgniter.php(829): CodeIgniter\Router\Router->handle('admin/artikel')
 7 SYSTEMPATH\CodeIgniter.php(441): CodeIgniter\CodeIgniter->tryToRouteIt(Object(CodeIgniter\Router\RouteCollection))
 8 SYSTEMPATH\CodeIgniter.php(340): CodeIgniter\CodeIgniter->handleRequest(null, Object(Config\Cache), false)
 9 SYSTEMPATH\Boot.php(417): CodeIgniter\CodeIgniter->run()
10 SYSTEMPATH\Boot.php(68): CodeIgniter\Boot::runCodeIgniter(Object(CodeIgniter\CodeIgniter))
11 FCPATH\index.php(60): CodeIgniter\Boot::bootWeb(Object(Config\Paths))
12 SYSTEMPATH\rewrite.php(44): require_once('C:\\xampp3\\htdocs\\lab11_ci\\ci4\\public\\index.php')
CRITICAL - 2026-06-07 04:42:19 --> ParseError: syntax error, unexpected variable "$data", expecting "function" or "const"
[Method: GET, Route: admin/artikel]
in APPPATH\Controllers\Artikel.php on line 118.
 1 SYSTEMPATH\Autoloader\Autoloader.php(295): CodeIgniter\Autoloader\Autoloader->includeFile('C:\\xampp3\\htdocs\\lab11_ci\\ci4\\app\\Controllers\\Artikel.php')
 2 SYSTEMPATH\Autoloader\Autoloader.php(271): CodeIgniter\Autoloader\Autoloader->loadInNamespace('App\\Controllers\\Artikel')
 3 [internal function]: CodeIgniter\Autoloader\Autoloader->loadClass('App\\Controllers\\Artikel')
 4 SYSTEMPATH\Router\Router.php(792): class_exists('\\App\\Controllers\\Artikel')
 5 SYSTEMPATH\Router\Router.php(230): CodeIgniter\Router\Router->processRouteAttributes()
 6 SYSTEMPATH\CodeIgniter.php(829): CodeIgniter\Router\Router->handle('admin/artikel')
 7 SYSTEMPATH\CodeIgniter.php(441): CodeIgniter\CodeIgniter->tryToRouteIt(Object(CodeIgniter\Router\RouteCollection))
 8 SYSTEMPATH\CodeIgniter.php(340): CodeIgniter\CodeIgniter->handleRequest(null, Object(Config\Cache), false)
 9 SYSTEMPATH\Boot.php(417): CodeIgniter\CodeIgniter->run()
10 SYSTEMPATH\Boot.php(68): CodeIgniter\Boot::runCodeIgniter(Object(CodeIgniter\CodeIgniter))
11 FCPATH\index.php(60): CodeIgniter\Boot::bootWeb(Object(Config\Paths))
12 SYSTEMPATH\rewrite.php(44): require_once('C:\\xampp3\\htdocs\\lab11_ci\\ci4\\public\\index.php')
ERROR - 2026-06-07 05:06:46 --> Column 'gambar' cannot be null
in SYSTEMPATH\Database\MySQLi\Connection.php on line 300.
 1 SYSTEMPATH\Database\MySQLi\Connection.php(300): mysqli->query('INSERT INTO `artikel` (`judul`, `isi`, `status`, `id_kategori`, `slug`, `gambar`) VALUES (\'Teknologi dan AI Menggantikan Pekerjaan\', \'Menurut saya manusia masih bisa lebih unggul dari teknologi karena data yang diolah kecerdasan buatan(ai), sudah lebih dahulu dimunculkan manusia. Keunggulan manusia yang tidak dapat ditiru ai adalah hati nurani dan berpikir secara logika. Bergesernya pola pekerjaan akibat manusia tidak mau berpikir lebih keras, sifat ketergantungan membuat daya pikir lambat dan tidak dapat beradaptasi dengan ai. Manusia perlu terus belajar dan meningkatkan keterampilan digital sehingga mampu berkolaborasi dengan teknologi.   Masa depan bukan milik  manusia atau teknologi secara terpisah, tetapi milik  mereka yang mampu menggabungkan kecerdasan manusia dengan kecanggihan teknologi. AI mungkin dapat menggantikan beberapa pekerjaan, tetapi kemampuan manusia untuk berkembang, berinovasi, berempati dan beradaptasi akan tetap menjadi nilai yang tidak dapat tergantikan.\', \'0\', \'1\', \'Teknologi-dan-AI-Menggantikan-Pekerjaan\', NULL)', 0)
 2 SYSTEMPATH\Database\BaseConnection.php(769): CodeIgniter\Database\MySQLi\Connection->execute('INSERT INTO `artikel` (`judul`, `isi`, `status`, `id_kategori`, `slug`, `gambar`) VALUES (\'Teknologi dan AI Menggantikan Pekerjaan\', \'Menurut saya manusia masih bisa lebih unggul dari teknologi karena data yang diolah kecerdasan buatan(ai), sudah lebih dahulu dimunculkan manusia. Keunggulan manusia yang tidak dapat ditiru ai adalah hati nurani dan berpikir secara logika. Bergesernya pola pekerjaan akibat manusia tidak mau berpikir lebih keras, sifat ketergantungan membuat daya pikir lambat dan tidak dapat beradaptasi dengan ai. Manusia perlu terus belajar dan meningkatkan keterampilan digital sehingga mampu berkolaborasi dengan teknologi.   Masa depan bukan milik  manusia atau teknologi secara terpisah, tetapi milik  mereka yang mampu menggabungkan kecerdasan manusia dengan kecanggihan teknologi. AI mungkin dapat menggantikan beberapa pekerjaan, tetapi kemampuan manusia untuk berkembang, berinovasi, berempati dan beradaptasi akan tetap menjadi nilai yang tidak dapat tergantikan.\', \'0\', \'1\', \'Teknologi-dan-AI-Menggantikan-Pekerjaan\', NULL)')
 3 SYSTEMPATH\Database\BaseConnection.php(686): CodeIgniter\Database\BaseConnection->simpleQuery('INSERT INTO `artikel` (`judul`, `isi`, `status`, `id_kategori`, `slug`, `gambar`) VALUES (\'Teknologi dan AI Menggantikan Pekerjaan\', \'Menurut saya manusia masih bisa lebih unggul dari teknologi karena data yang diolah kecerdasan buatan(ai), sudah lebih dahulu dimunculkan manusia. Keunggulan manusia yang tidak dapat ditiru ai adalah hati nurani dan berpikir secara logika. Bergesernya pola pekerjaan akibat manusia tidak mau berpikir lebih keras, sifat ketergantungan membuat daya pikir lambat dan tidak dapat beradaptasi dengan ai. Manusia perlu terus belajar dan meningkatkan keterampilan digital sehingga mampu berkolaborasi dengan teknologi.   Masa depan bukan milik  manusia atau teknologi secara terpisah, tetapi milik  mereka yang mampu menggabungkan kecerdasan manusia dengan kecanggihan teknologi. AI mungkin dapat menggantikan beberapa pekerjaan, tetapi kemampuan manusia untuk berkembang, berinovasi, berempati dan beradaptasi akan tetap menjadi nilai yang tidak dapat tergantikan.\', \'0\', \'1\', \'Teknologi-dan-AI-Menggantikan-Pekerjaan\', NULL)')
 4 SYSTEMPATH\Database\BaseBuilder.php(2345): CodeIgniter\Database\BaseConnection->query('INSERT INTO `artikel` (`judul`, `isi`, `status`, `id_kategori`, `slug`, `gambar`) VALUES (:judul:, :isi:, :status:, :id_kategori:, :slug:, :gambar:)', [...], false)
 5 SYSTEMPATH\Model.php(356): CodeIgniter\Database\BaseBuilder->insert()
 6 SYSTEMPATH\BaseModel.php(898): CodeIgniter\Model->doInsert([...])
 7 SYSTEMPATH\Model.php(665): CodeIgniter\BaseModel->insert([...], true)
 8 APPPATH\Controllers\Artikel.php(98): CodeIgniter\Model->insert([...])
 9 SYSTEMPATH\CodeIgniter.php(951): App\Controllers\Artikel->add()
10 SYSTEMPATH\CodeIgniter.php(497): CodeIgniter\CodeIgniter->runController(Object(App\Controllers\Artikel))
11 SYSTEMPATH\CodeIgniter.php(340): CodeIgniter\CodeIgniter->handleRequest(null, Object(Config\Cache), false)
12 SYSTEMPATH\Boot.php(417): CodeIgniter\CodeIgniter->run()
13 SYSTEMPATH\Boot.php(68): CodeIgniter\Boot::runCodeIgniter(Object(CodeIgniter\CodeIgniter))
14 FCPATH\index.php(60): CodeIgniter\Boot::bootWeb(Object(Config\Paths))
15 SYSTEMPATH\rewrite.php(44): require_once('C:\\xampp3\\htdocs\\lab11_ci\\ci4\\public\\index.php')
CRITICAL - 2026-06-07 05:06:46 --> CodeIgniter\Database\Exceptions\DatabaseException: Column 'gambar' cannot be null
[Method: POST, Route: admin/artikel/add]
in SYSTEMPATH\Database\BaseConnection.php on line 724.
 1 SYSTEMPATH\Database\BaseBuilder.php(2345): CodeIgniter\Database\BaseConnection->query('INSERT INTO `artikel` (`judul`, `isi`, `status`, `id_kategori`, `slug`, `gambar`) VALUES (:judul:, :isi:, :status:, :id_kategori:, :slug:, :gambar:)', [...], false)
 2 SYSTEMPATH\Model.php(356): CodeIgniter\Database\BaseBuilder->insert()
 3 SYSTEMPATH\BaseModel.php(898): CodeIgniter\Model->doInsert([...])
 4 SYSTEMPATH\Model.php(665): CodeIgniter\BaseModel->insert([...], true)
 5 APPPATH\Controllers\Artikel.php(98): CodeIgniter\Model->insert([...])
 6 SYSTEMPATH\CodeIgniter.php(951): App\Controllers\Artikel->add()
 7 SYSTEMPATH\CodeIgniter.php(497): CodeIgniter\CodeIgniter->runController(Object(App\Controllers\Artikel))
 8 SYSTEMPATH\CodeIgniter.php(340): CodeIgniter\CodeIgniter->handleRequest(null, Object(Config\Cache), false)
 9 SYSTEMPATH\Boot.php(417): CodeIgniter\CodeIgniter->run()
10 SYSTEMPATH\Boot.php(68): CodeIgniter\Boot::runCodeIgniter(Object(CodeIgniter\CodeIgniter))
11 FCPATH\index.php(60): CodeIgniter\Boot::bootWeb(Object(Config\Paths))
12 SYSTEMPATH\rewrite.php(44): require_once('C:\\xampp3\\htdocs\\lab11_ci\\ci4\\public\\index.php')
CRITICAL - 2026-06-07 05:06:46 --> [Caused by] CodeIgniter\Database\Exceptions\DatabaseException: Column 'gambar' cannot be null
in SYSTEMPATH\Database\MySQLi\Connection.php on line 310.
 1 SYSTEMPATH\Database\BaseConnection.php(769): CodeIgniter\Database\MySQLi\Connection->execute('INSERT INTO `artikel` (`judul`, `isi`, `status`, `id_kategori`, `slug`, `gambar`) VALUES (\'Teknologi dan AI Menggantikan Pekerjaan\', \'Menurut saya manusia masih bisa lebih unggul dari teknologi karena data yang diolah kecerdasan buatan(ai), sudah lebih dahulu dimunculkan manusia. Keunggulan manusia yang tidak dapat ditiru ai adalah hati nurani dan berpikir secara logika. Bergesernya pola pekerjaan akibat manusia tidak mau berpikir lebih keras, sifat ketergantungan membuat daya pikir lambat dan tidak dapat beradaptasi dengan ai. Manusia perlu terus belajar dan meningkatkan keterampilan digital sehingga mampu berkolaborasi dengan teknologi.   Masa depan bukan milik  manusia atau teknologi secara terpisah, tetapi milik  mereka yang mampu menggabungkan kecerdasan manusia dengan kecanggihan teknologi. AI mungkin dapat menggantikan beberapa pekerjaan, tetapi kemampuan manusia untuk berkembang, berinovasi, berempati dan beradaptasi akan tetap menjadi nilai yang tidak dapat tergantikan.\', \'0\', \'1\', \'Teknologi-dan-AI-Menggantikan-Pekerjaan\', NULL)')
 2 SYSTEMPATH\Database\BaseConnection.php(686): CodeIgniter\Database\BaseConnection->simpleQuery('INSERT INTO `artikel` (`judul`, `isi`, `status`, `id_kategori`, `slug`, `gambar`) VALUES (\'Teknologi dan AI Menggantikan Pekerjaan\', \'Menurut saya manusia masih bisa lebih unggul dari teknologi karena data yang diolah kecerdasan buatan(ai), sudah lebih dahulu dimunculkan manusia. Keunggulan manusia yang tidak dapat ditiru ai adalah hati nurani dan berpikir secara logika. Bergesernya pola pekerjaan akibat manusia tidak mau berpikir lebih keras, sifat ketergantungan membuat daya pikir lambat dan tidak dapat beradaptasi dengan ai. Manusia perlu terus belajar dan meningkatkan keterampilan digital sehingga mampu berkolaborasi dengan teknologi.   Masa depan bukan milik  manusia atau teknologi secara terpisah, tetapi milik  mereka yang mampu menggabungkan kecerdasan manusia dengan kecanggihan teknologi. AI mungkin dapat menggantikan beberapa pekerjaan, tetapi kemampuan manusia untuk berkembang, berinovasi, berempati dan beradaptasi akan tetap menjadi nilai yang tidak dapat tergantikan.\', \'0\', \'1\', \'Teknologi-dan-AI-Menggantikan-Pekerjaan\', NULL)')
 3 SYSTEMPATH\Database\BaseBuilder.php(2345): CodeIgniter\Database\BaseConnection->query('INSERT INTO `artikel` (`judul`, `isi`, `status`, `id_kategori`, `slug`, `gambar`) VALUES (:judul:, :isi:, :status:, :id_kategori:, :slug:, :gambar:)', [...], false)
 4 SYSTEMPATH\Model.php(356): CodeIgniter\Database\BaseBuilder->insert()
 5 SYSTEMPATH\BaseModel.php(898): CodeIgniter\Model->doInsert([...])
 6 SYSTEMPATH\Model.php(665): CodeIgniter\BaseModel->insert([...], true)
 7 APPPATH\Controllers\Artikel.php(98): CodeIgniter\Model->insert([...])
 8 SYSTEMPATH\CodeIgniter.php(951): App\Controllers\Artikel->add()
 9 SYSTEMPATH\CodeIgniter.php(497): CodeIgniter\CodeIgniter->runController(Object(App\Controllers\Artikel))
10 SYSTEMPATH\CodeIgniter.php(340): CodeIgniter\CodeIgniter->handleRequest(null, Object(Config\Cache), false)
11 SYSTEMPATH\Boot.php(417): CodeIgniter\CodeIgniter->run()
12 SYSTEMPATH\Boot.php(68): CodeIgniter\Boot::runCodeIgniter(Object(CodeIgniter\CodeIgniter))
13 FCPATH\index.php(60): CodeIgniter\Boot::bootWeb(Object(Config\Paths))
14 SYSTEMPATH\rewrite.php(44): require_once('C:\\xampp3\\htdocs\\lab11_ci\\ci4\\public\\index.php')
CRITICAL - 2026-06-07 05:06:46 --> [Caused by] mysqli_sql_exception: Column 'gambar' cannot be null
in SYSTEMPATH\Database\MySQLi\Connection.php on line 300.
 1 SYSTEMPATH\Database\MySQLi\Connection.php(300): mysqli->query('INSERT INTO `artikel` (`judul`, `isi`, `status`, `id_kategori`, `slug`, `gambar`) VALUES (\'Teknologi dan AI Menggantikan Pekerjaan\', \'Menurut saya manusia masih bisa lebih unggul dari teknologi karena data yang diolah kecerdasan buatan(ai), sudah lebih dahulu dimunculkan manusia. Keunggulan manusia yang tidak dapat ditiru ai adalah hati nurani dan berpikir secara logika. Bergesernya pola pekerjaan akibat manusia tidak mau berpikir lebih keras, sifat ketergantungan membuat daya pikir lambat dan tidak dapat beradaptasi dengan ai. Manusia perlu terus belajar dan meningkatkan keterampilan digital sehingga mampu berkolaborasi dengan teknologi.   Masa depan bukan milik  manusia atau teknologi secara terpisah, tetapi milik  mereka yang mampu menggabungkan kecerdasan manusia dengan kecanggihan teknologi. AI mungkin dapat menggantikan beberapa pekerjaan, tetapi kemampuan manusia untuk berkembang, berinovasi, berempati dan beradaptasi akan tetap menjadi nilai yang tidak dapat tergantikan.\', \'0\', \'1\', \'Teknologi-dan-AI-Menggantikan-Pekerjaan\', NULL)', 0)
 2 SYSTEMPATH\Database\BaseConnection.php(769): CodeIgniter\Database\MySQLi\Connection->execute('INSERT INTO `artikel` (`judul`, `isi`, `status`, `id_kategori`, `slug`, `gambar`) VALUES (\'Teknologi dan AI Menggantikan Pekerjaan\', \'Menurut saya manusia masih bisa lebih unggul dari teknologi karena data yang diolah kecerdasan buatan(ai), sudah lebih dahulu dimunculkan manusia. Keunggulan manusia yang tidak dapat ditiru ai adalah hati nurani dan berpikir secara logika. Bergesernya pola pekerjaan akibat manusia tidak mau berpikir lebih keras, sifat ketergantungan membuat daya pikir lambat dan tidak dapat beradaptasi dengan ai. Manusia perlu terus belajar dan meningkatkan keterampilan digital sehingga mampu berkolaborasi dengan teknologi.   Masa depan bukan milik  manusia atau teknologi secara terpisah, tetapi milik  mereka yang mampu menggabungkan kecerdasan manusia dengan kecanggihan teknologi. AI mungkin dapat menggantikan beberapa pekerjaan, tetapi kemampuan manusia untuk berkembang, berinovasi, berempati dan beradaptasi akan tetap menjadi nilai yang tidak dapat tergantikan.\', \'0\', \'1\', \'Teknologi-dan-AI-Menggantikan-Pekerjaan\', NULL)')
 3 SYSTEMPATH\Database\BaseConnection.php(686): CodeIgniter\Database\BaseConnection->simpleQuery('INSERT INTO `artikel` (`judul`, `isi`, `status`, `id_kategori`, `slug`, `gambar`) VALUES (\'Teknologi dan AI Menggantikan Pekerjaan\', \'Menurut saya manusia masih bisa lebih unggul dari teknologi karena data yang diolah kecerdasan buatan(ai), sudah lebih dahulu dimunculkan manusia. Keunggulan manusia yang tidak dapat ditiru ai adalah hati nurani dan berpikir secara logika. Bergesernya pola pekerjaan akibat manusia tidak mau berpikir lebih keras, sifat ketergantungan membuat daya pikir lambat dan tidak dapat beradaptasi dengan ai. Manusia perlu terus belajar dan meningkatkan keterampilan digital sehingga mampu berkolaborasi dengan teknologi.   Masa depan bukan milik  manusia atau teknologi secara terpisah, tetapi milik  mereka yang mampu menggabungkan kecerdasan manusia dengan kecanggihan teknologi. AI mungkin dapat menggantikan beberapa pekerjaan, tetapi kemampuan manusia untuk berkembang, berinovasi, berempati dan beradaptasi akan tetap menjadi nilai yang tidak dapat tergantikan.\', \'0\', \'1\', \'Teknologi-dan-AI-Menggantikan-Pekerjaan\', NULL)')
 4 SYSTEMPATH\Database\BaseBuilder.php(2345): CodeIgniter\Database\BaseConnection->query('INSERT INTO `artikel` (`judul`, `isi`, `status`, `id_kategori`, `slug`, `gambar`) VALUES (:judul:, :isi:, :status:, :id_kategori:, :slug:, :gambar:)', [...], false)
 5 SYSTEMPATH\Model.php(356): CodeIgniter\Database\BaseBuilder->insert()
 6 SYSTEMPATH\BaseModel.php(898): CodeIgniter\Model->doInsert([...])
 7 SYSTEMPATH\Model.php(665): CodeIgniter\BaseModel->insert([...], true)
 8 APPPATH\Controllers\Artikel.php(98): CodeIgniter\Model->insert([...])
 9 SYSTEMPATH\CodeIgniter.php(951): App\Controllers\Artikel->add()
10 SYSTEMPATH\CodeIgniter.php(497): CodeIgniter\CodeIgniter->runController(Object(App\Controllers\Artikel))
11 SYSTEMPATH\CodeIgniter.php(340): CodeIgniter\CodeIgniter->handleRequest(null, Object(Config\Cache), false)
12 SYSTEMPATH\Boot.php(417): CodeIgniter\CodeIgniter->run()
13 SYSTEMPATH\Boot.php(68): CodeIgniter\Boot::runCodeIgniter(Object(CodeIgniter\CodeIgniter))
14 FCPATH\index.php(60): CodeIgniter\Boot::bootWeb(Object(Config\Paths))
15 SYSTEMPATH\rewrite.php(44): require_once('C:\\xampp3\\htdocs\\lab11_ci\\ci4\\public\\index.php')
ERROR - 2026-06-07 05:07:07 --> Column 'gambar' cannot be null
in SYSTEMPATH\Database\MySQLi\Connection.php on line 300.
 1 SYSTEMPATH\Database\MySQLi\Connection.php(300): mysqli->query('INSERT INTO `artikel` (`judul`, `isi`, `status`, `id_kategori`, `slug`, `gambar`) VALUES (\'Teknologi dan AI Menggantikan Pekerjaan\', \'Menurut saya manusia masih bisa lebih unggul dari teknologi karena data yang diolah kecerdasan buatan(ai), sudah lebih dahulu dimunculkan manusia. Keunggulan manusia yang tidak dapat ditiru ai adalah hati nurani dan berpikir secara logika. Bergesernya pola pekerjaan akibat manusia tidak mau berpikir lebih keras, sifat ketergantungan membuat daya pikir lambat dan tidak dapat beradaptasi dengan ai. Manusia perlu terus belajar dan meningkatkan keterampilan digital sehingga mampu berkolaborasi dengan teknologi.   Masa depan bukan milik  manusia atau teknologi secara terpisah, tetapi milik  mereka yang mampu menggabungkan kecerdasan manusia dengan kecanggihan teknologi. AI mungkin dapat menggantikan beberapa pekerjaan, tetapi kemampuan manusia untuk berkembang, berinovasi, berempati dan beradaptasi akan tetap menjadi nilai yang tidak dapat tergantikan.\', \'1\', \'1\', \'Teknologi-dan-AI-Menggantikan-Pekerjaan\', NULL)', 0)
 2 SYSTEMPATH\Database\BaseConnection.php(769): CodeIgniter\Database\MySQLi\Connection->execute('INSERT INTO `artikel` (`judul`, `isi`, `status`, `id_kategori`, `slug`, `gambar`) VALUES (\'Teknologi dan AI Menggantikan Pekerjaan\', \'Menurut saya manusia masih bisa lebih unggul dari teknologi karena data yang diolah kecerdasan buatan(ai), sudah lebih dahulu dimunculkan manusia. Keunggulan manusia yang tidak dapat ditiru ai adalah hati nurani dan berpikir secara logika. Bergesernya pola pekerjaan akibat manusia tidak mau berpikir lebih keras, sifat ketergantungan membuat daya pikir lambat dan tidak dapat beradaptasi dengan ai. Manusia perlu terus belajar dan meningkatkan keterampilan digital sehingga mampu berkolaborasi dengan teknologi.   Masa depan bukan milik  manusia atau teknologi secara terpisah, tetapi milik  mereka yang mampu menggabungkan kecerdasan manusia dengan kecanggihan teknologi. AI mungkin dapat menggantikan beberapa pekerjaan, tetapi kemampuan manusia untuk berkembang, berinovasi, berempati dan beradaptasi akan tetap menjadi nilai yang tidak dapat tergantikan.\', \'1\', \'1\', \'Teknologi-dan-AI-Menggantikan-Pekerjaan\', NULL)')
 3 SYSTEMPATH\Database\BaseConnection.php(686): CodeIgniter\Database\BaseConnection->simpleQuery('INSERT INTO `artikel` (`judul`, `isi`, `status`, `id_kategori`, `slug`, `gambar`) VALUES (\'Teknologi dan AI Menggantikan Pekerjaan\', \'Menurut saya manusia masih bisa lebih unggul dari teknologi karena data yang diolah kecerdasan buatan(ai), sudah lebih dahulu dimunculkan manusia. Keunggulan manusia yang tidak dapat ditiru ai adalah hati nurani dan berpikir secara logika. Bergesernya pola pekerjaan akibat manusia tidak mau berpikir lebih keras, sifat ketergantungan membuat daya pikir lambat dan tidak dapat beradaptasi dengan ai. Manusia perlu terus belajar dan meningkatkan keterampilan digital sehingga mampu berkolaborasi dengan teknologi.   Masa depan bukan milik  manusia atau teknologi secara terpisah, tetapi milik  mereka yang mampu menggabungkan kecerdasan manusia dengan kecanggihan teknologi. AI mungkin dapat menggantikan beberapa pekerjaan, tetapi kemampuan manusia untuk berkembang, berinovasi, berempati dan beradaptasi akan tetap menjadi nilai yang tidak dapat tergantikan.\', \'1\', \'1\', \'Teknologi-dan-AI-Menggantikan-Pekerjaan\', NULL)')
 4 SYSTEMPATH\Database\BaseBuilder.php(2345): CodeIgniter\Database\BaseConnection->query('INSERT INTO `artikel` (`judul`, `isi`, `status`, `id_kategori`, `slug`, `gambar`) VALUES (:judul:, :isi:, :status:, :id_kategori:, :slug:, :gambar:)', [...], false)
 5 SYSTEMPATH\Model.php(356): CodeIgniter\Database\BaseBuilder->insert()
 6 SYSTEMPATH\BaseModel.php(898): CodeIgniter\Model->doInsert([...])
 7 SYSTEMPATH\Model.php(665): CodeIgniter\BaseModel->insert([...], true)
 8 APPPATH\Controllers\Artikel.php(98): CodeIgniter\Model->insert([...])
 9 SYSTEMPATH\CodeIgniter.php(951): App\Controllers\Artikel->add()
10 SYSTEMPATH\CodeIgniter.php(497): CodeIgniter\CodeIgniter->runController(Object(App\Controllers\Artikel))
11 SYSTEMPATH\CodeIgniter.php(340): CodeIgniter\CodeIgniter->handleRequest(null, Object(Config\Cache), false)
12 SYSTEMPATH\Boot.php(417): CodeIgniter\CodeIgniter->run()
13 SYSTEMPATH\Boot.php(68): CodeIgniter\Boot::runCodeIgniter(Object(CodeIgniter\CodeIgniter))
14 FCPATH\index.php(60): CodeIgniter\Boot::bootWeb(Object(Config\Paths))
15 SYSTEMPATH\rewrite.php(44): require_once('C:\\xampp3\\htdocs\\lab11_ci\\ci4\\public\\index.php')
CRITICAL - 2026-06-07 05:07:07 --> CodeIgniter\Database\Exceptions\DatabaseException: Column 'gambar' cannot be null
[Method: POST, Route: admin/artikel/add]
in SYSTEMPATH\Database\BaseConnection.php on line 724.
 1 SYSTEMPATH\Database\BaseBuilder.php(2345): CodeIgniter\Database\BaseConnection->query('INSERT INTO `artikel` (`judul`, `isi`, `status`, `id_kategori`, `slug`, `gambar`) VALUES (:judul:, :isi:, :status:, :id_kategori:, :slug:, :gambar:)', [...], false)
 2 SYSTEMPATH\Model.php(356): CodeIgniter\Database\BaseBuilder->insert()
 3 SYSTEMPATH\BaseModel.php(898): CodeIgniter\Model->doInsert([...])
 4 SYSTEMPATH\Model.php(665): CodeIgniter\BaseModel->insert([...], true)
 5 APPPATH\Controllers\Artikel.php(98): CodeIgniter\Model->insert([...])
 6 SYSTEMPATH\CodeIgniter.php(951): App\Controllers\Artikel->add()
 7 SYSTEMPATH\CodeIgniter.php(497): CodeIgniter\CodeIgniter->runController(Object(App\Controllers\Artikel))
 8 SYSTEMPATH\CodeIgniter.php(340): CodeIgniter\CodeIgniter->handleRequest(null, Object(Config\Cache), false)
 9 SYSTEMPATH\Boot.php(417): CodeIgniter\CodeIgniter->run()
10 SYSTEMPATH\Boot.php(68): CodeIgniter\Boot::runCodeIgniter(Object(CodeIgniter\CodeIgniter))
11 FCPATH\index.php(60): CodeIgniter\Boot::bootWeb(Object(Config\Paths))
12 SYSTEMPATH\rewrite.php(44): require_once('C:\\xampp3\\htdocs\\lab11_ci\\ci4\\public\\index.php')
CRITICAL - 2026-06-07 05:07:07 --> [Caused by] CodeIgniter\Database\Exceptions\DatabaseException: Column 'gambar' cannot be null
in SYSTEMPATH\Database\MySQLi\Connection.php on line 310.
 1 SYSTEMPATH\Database\BaseConnection.php(769): CodeIgniter\Database\MySQLi\Connection->execute('INSERT INTO `artikel` (`judul`, `isi`, `status`, `id_kategori`, `slug`, `gambar`) VALUES (\'Teknologi dan AI Menggantikan Pekerjaan\', \'Menurut saya manusia masih bisa lebih unggul dari teknologi karena data yang diolah kecerdasan buatan(ai), sudah lebih dahulu dimunculkan manusia. Keunggulan manusia yang tidak dapat ditiru ai adalah hati nurani dan berpikir secara logika. Bergesernya pola pekerjaan akibat manusia tidak mau berpikir lebih keras, sifat ketergantungan membuat daya pikir lambat dan tidak dapat beradaptasi dengan ai. Manusia perlu terus belajar dan meningkatkan keterampilan digital sehingga mampu berkolaborasi dengan teknologi.   Masa depan bukan milik  manusia atau teknologi secara terpisah, tetapi milik  mereka yang mampu menggabungkan kecerdasan manusia dengan kecanggihan teknologi. AI mungkin dapat menggantikan beberapa pekerjaan, tetapi kemampuan manusia untuk berkembang, berinovasi, berempati dan beradaptasi akan tetap menjadi nilai yang tidak dapat tergantikan.\', \'1\', \'1\', \'Teknologi-dan-AI-Menggantikan-Pekerjaan\', NULL)')
 2 SYSTEMPATH\Database\BaseConnection.php(686): CodeIgniter\Database\BaseConnection->simpleQuery('INSERT INTO `artikel` (`judul`, `isi`, `status`, `id_kategori`, `slug`, `gambar`) VALUES (\'Teknologi dan AI Menggantikan Pekerjaan\', \'Menurut saya manusia masih bisa lebih unggul dari teknologi karena data yang diolah kecerdasan buatan(ai), sudah lebih dahulu dimunculkan manusia. Keunggulan manusia yang tidak dapat ditiru ai adalah hati nurani dan berpikir secara logika. Bergesernya pola pekerjaan akibat manusia tidak mau berpikir lebih keras, sifat ketergantungan membuat daya pikir lambat dan tidak dapat beradaptasi dengan ai. Manusia perlu terus belajar dan meningkatkan keterampilan digital sehingga mampu berkolaborasi dengan teknologi.   Masa depan bukan milik  manusia atau teknologi secara terpisah, tetapi milik  mereka yang mampu menggabungkan kecerdasan manusia dengan kecanggihan teknologi. AI mungkin dapat menggantikan beberapa pekerjaan, tetapi kemampuan manusia untuk berkembang, berinovasi, berempati dan beradaptasi akan tetap menjadi nilai yang tidak dapat tergantikan.\', \'1\', \'1\', \'Teknologi-dan-AI-Menggantikan-Pekerjaan\', NULL)')
 3 SYSTEMPATH\Database\BaseBuilder.php(2345): CodeIgniter\Database\BaseConnection->query('INSERT INTO `artikel` (`judul`, `isi`, `status`, `id_kategori`, `slug`, `gambar`) VALUES (:judul:, :isi:, :status:, :id_kategori:, :slug:, :gambar:)', [...], false)
 4 SYSTEMPATH\Model.php(356): CodeIgniter\Database\BaseBuilder->insert()
 5 SYSTEMPATH\BaseModel.php(898): CodeIgniter\Model->doInsert([...])
 6 SYSTEMPATH\Model.php(665): CodeIgniter\BaseModel->insert([...], true)
 7 APPPATH\Controllers\Artikel.php(98): CodeIgniter\Model->insert([...])
 8 SYSTEMPATH\CodeIgniter.php(951): App\Controllers\Artikel->add()
 9 SYSTEMPATH\CodeIgniter.php(497): CodeIgniter\CodeIgniter->runController(Object(App\Controllers\Artikel))
10 SYSTEMPATH\CodeIgniter.php(340): CodeIgniter\CodeIgniter->handleRequest(null, Object(Config\Cache), false)
11 SYSTEMPATH\Boot.php(417): CodeIgniter\CodeIgniter->run()
12 SYSTEMPATH\Boot.php(68): CodeIgniter\Boot::runCodeIgniter(Object(CodeIgniter\CodeIgniter))
13 FCPATH\index.php(60): CodeIgniter\Boot::bootWeb(Object(Config\Paths))
14 SYSTEMPATH\rewrite.php(44): require_once('C:\\xampp3\\htdocs\\lab11_ci\\ci4\\public\\index.php')
CRITICAL - 2026-06-07 05:07:07 --> [Caused by] mysqli_sql_exception: Column 'gambar' cannot be null
in SYSTEMPATH\Database\MySQLi\Connection.php on line 300.
 1 SYSTEMPATH\Database\MySQLi\Connection.php(300): mysqli->query('INSERT INTO `artikel` (`judul`, `isi`, `status`, `id_kategori`, `slug`, `gambar`) VALUES (\'Teknologi dan AI Menggantikan Pekerjaan\', \'Menurut saya manusia masih bisa lebih unggul dari teknologi karena data yang diolah kecerdasan buatan(ai), sudah lebih dahulu dimunculkan manusia. Keunggulan manusia yang tidak dapat ditiru ai adalah hati nurani dan berpikir secara logika. Bergesernya pola pekerjaan akibat manusia tidak mau berpikir lebih keras, sifat ketergantungan membuat daya pikir lambat dan tidak dapat beradaptasi dengan ai. Manusia perlu terus belajar dan meningkatkan keterampilan digital sehingga mampu berkolaborasi dengan teknologi.   Masa depan bukan milik  manusia atau teknologi secara terpisah, tetapi milik  mereka yang mampu menggabungkan kecerdasan manusia dengan kecanggihan teknologi. AI mungkin dapat menggantikan beberapa pekerjaan, tetapi kemampuan manusia untuk berkembang, berinovasi, berempati dan beradaptasi akan tetap menjadi nilai yang tidak dapat tergantikan.\', \'1\', \'1\', \'Teknologi-dan-AI-Menggantikan-Pekerjaan\', NULL)', 0)
 2 SYSTEMPATH\Database\BaseConnection.php(769): CodeIgniter\Database\MySQLi\Connection->execute('INSERT INTO `artikel` (`judul`, `isi`, `status`, `id_kategori`, `slug`, `gambar`) VALUES (\'Teknologi dan AI Menggantikan Pekerjaan\', \'Menurut saya manusia masih bisa lebih unggul dari teknologi karena data yang diolah kecerdasan buatan(ai), sudah lebih dahulu dimunculkan manusia. Keunggulan manusia yang tidak dapat ditiru ai adalah hati nurani dan berpikir secara logika. Bergesernya pola pekerjaan akibat manusia tidak mau berpikir lebih keras, sifat ketergantungan membuat daya pikir lambat dan tidak dapat beradaptasi dengan ai. Manusia perlu terus belajar dan meningkatkan keterampilan digital sehingga mampu berkolaborasi dengan teknologi.   Masa depan bukan milik  manusia atau teknologi secara terpisah, tetapi milik  mereka yang mampu menggabungkan kecerdasan manusia dengan kecanggihan teknologi. AI mungkin dapat menggantikan beberapa pekerjaan, tetapi kemampuan manusia untuk berkembang, berinovasi, berempati dan beradaptasi akan tetap menjadi nilai yang tidak dapat tergantikan.\', \'1\', \'1\', \'Teknologi-dan-AI-Menggantikan-Pekerjaan\', NULL)')
 3 SYSTEMPATH\Database\BaseConnection.php(686): CodeIgniter\Database\BaseConnection->simpleQuery('INSERT INTO `artikel` (`judul`, `isi`, `status`, `id_kategori`, `slug`, `gambar`) VALUES (\'Teknologi dan AI Menggantikan Pekerjaan\', \'Menurut saya manusia masih bisa lebih unggul dari teknologi karena data yang diolah kecerdasan buatan(ai), sudah lebih dahulu dimunculkan manusia. Keunggulan manusia yang tidak dapat ditiru ai adalah hati nurani dan berpikir secara logika. Bergesernya pola pekerjaan akibat manusia tidak mau berpikir lebih keras, sifat ketergantungan membuat daya pikir lambat dan tidak dapat beradaptasi dengan ai. Manusia perlu terus belajar dan meningkatkan keterampilan digital sehingga mampu berkolaborasi dengan teknologi.   Masa depan bukan milik  manusia atau teknologi secara terpisah, tetapi milik  mereka yang mampu menggabungkan kecerdasan manusia dengan kecanggihan teknologi. AI mungkin dapat menggantikan beberapa pekerjaan, tetapi kemampuan manusia untuk berkembang, berinovasi, berempati dan beradaptasi akan tetap menjadi nilai yang tidak dapat tergantikan.\', \'1\', \'1\', \'Teknologi-dan-AI-Menggantikan-Pekerjaan\', NULL)')
 4 SYSTEMPATH\Database\BaseBuilder.php(2345): CodeIgniter\Database\BaseConnection->query('INSERT INTO `artikel` (`judul`, `isi`, `status`, `id_kategori`, `slug`, `gambar`) VALUES (:judul:, :isi:, :status:, :id_kategori:, :slug:, :gambar:)', [...], false)
 5 SYSTEMPATH\Model.php(356): CodeIgniter\Database\BaseBuilder->insert()
 6 SYSTEMPATH\BaseModel.php(898): CodeIgniter\Model->doInsert([...])
 7 SYSTEMPATH\Model.php(665): CodeIgniter\BaseModel->insert([...], true)
 8 APPPATH\Controllers\Artikel.php(98): CodeIgniter\Model->insert([...])
 9 SYSTEMPATH\CodeIgniter.php(951): App\Controllers\Artikel->add()
10 SYSTEMPATH\CodeIgniter.php(497): CodeIgniter\CodeIgniter->runController(Object(App\Controllers\Artikel))
11 SYSTEMPATH\CodeIgniter.php(340): CodeIgniter\CodeIgniter->handleRequest(null, Object(Config\Cache), false)
12 SYSTEMPATH\Boot.php(417): CodeIgniter\CodeIgniter->run()
13 SYSTEMPATH\Boot.php(68): CodeIgniter\Boot::runCodeIgniter(Object(CodeIgniter\CodeIgniter))
14 FCPATH\index.php(60): CodeIgniter\Boot::bootWeb(Object(Config\Paths))
15 SYSTEMPATH\rewrite.php(44): require_once('C:\\xampp3\\htdocs\\lab11_ci\\ci4\\public\\index.php')
ERROR - 2026-06-07 05:07:27 --> Column 'gambar' cannot be null
in SYSTEMPATH\Database\MySQLi\Connection.php on line 300.
 1 SYSTEMPATH\Database\MySQLi\Connection.php(300): mysqli->query('INSERT INTO `artikel` (`judul`, `isi`, `status`, `id_kategori`, `slug`, `gambar`) VALUES (\'Teknologi dan AI Menggantikan Pekerjaan\', \'Menurut saya manusia masih bisa lebih unggul dari teknologi karena data yang diolah kecerdasan buatan(ai), sudah lebih dahulu dimunculkan manusia. Keunggulan manusia yang tidak dapat ditiru ai adalah hati nurani dan berpikir secara logika. Bergesernya pola pekerjaan akibat manusia tidak mau berpikir lebih keras, sifat ketergantungan membuat daya pikir lambat dan tidak dapat beradaptasi dengan ai. Manusia perlu terus belajar dan meningkatkan keterampilan digital sehingga mampu berkolaborasi dengan teknologi. \', \'1\', \'1\', \'Teknologi-dan-AI-Menggantikan-Pekerjaan\', NULL)', 0)
 2 SYSTEMPATH\Database\BaseConnection.php(769): CodeIgniter\Database\MySQLi\Connection->execute('INSERT INTO `artikel` (`judul`, `isi`, `status`, `id_kategori`, `slug`, `gambar`) VALUES (\'Teknologi dan AI Menggantikan Pekerjaan\', \'Menurut saya manusia masih bisa lebih unggul dari teknologi karena data yang diolah kecerdasan buatan(ai), sudah lebih dahulu dimunculkan manusia. Keunggulan manusia yang tidak dapat ditiru ai adalah hati nurani dan berpikir secara logika. Bergesernya pola pekerjaan akibat manusia tidak mau berpikir lebih keras, sifat ketergantungan membuat daya pikir lambat dan tidak dapat beradaptasi dengan ai. Manusia perlu terus belajar dan meningkatkan keterampilan digital sehingga mampu berkolaborasi dengan teknologi. \', \'1\', \'1\', \'Teknologi-dan-AI-Menggantikan-Pekerjaan\', NULL)')
 3 SYSTEMPATH\Database\BaseConnection.php(686): CodeIgniter\Database\BaseConnection->simpleQuery('INSERT INTO `artikel` (`judul`, `isi`, `status`, `id_kategori`, `slug`, `gambar`) VALUES (\'Teknologi dan AI Menggantikan Pekerjaan\', \'Menurut saya manusia masih bisa lebih unggul dari teknologi karena data yang diolah kecerdasan buatan(ai), sudah lebih dahulu dimunculkan manusia. Keunggulan manusia yang tidak dapat ditiru ai adalah hati nurani dan berpikir secara logika. Bergesernya pola pekerjaan akibat manusia tidak mau berpikir lebih keras, sifat ketergantungan membuat daya pikir lambat dan tidak dapat beradaptasi dengan ai. Manusia perlu terus belajar dan meningkatkan keterampilan digital sehingga mampu berkolaborasi dengan teknologi. \', \'1\', \'1\', \'Teknologi-dan-AI-Menggantikan-Pekerjaan\', NULL)')
 4 SYSTEMPATH\Database\BaseBuilder.php(2345): CodeIgniter\Database\BaseConnection->query('INSERT INTO `artikel` (`judul`, `isi`, `status`, `id_kategori`, `slug`, `gambar`) VALUES (:judul:, :isi:, :status:, :id_kategori:, :slug:, :gambar:)', [...], false)
 5 SYSTEMPATH\Model.php(356): CodeIgniter\Database\BaseBuilder->insert()
 6 SYSTEMPATH\BaseModel.php(898): CodeIgniter\Model->doInsert([...])
 7 SYSTEMPATH\Model.php(665): CodeIgniter\BaseModel->insert([...], true)
 8 APPPATH\Controllers\Artikel.php(98): CodeIgniter\Model->insert([...])
 9 SYSTEMPATH\CodeIgniter.php(951): App\Controllers\Artikel->add()
10 SYSTEMPATH\CodeIgniter.php(497): CodeIgniter\CodeIgniter->runController(Object(App\Controllers\Artikel))
11 SYSTEMPATH\CodeIgniter.php(340): CodeIgniter\CodeIgniter->handleRequest(null, Object(Config\Cache), false)
12 SYSTEMPATH\Boot.php(417): CodeIgniter\CodeIgniter->run()
13 SYSTEMPATH\Boot.php(68): CodeIgniter\Boot::runCodeIgniter(Object(CodeIgniter\CodeIgniter))
14 FCPATH\index.php(60): CodeIgniter\Boot::bootWeb(Object(Config\Paths))
15 SYSTEMPATH\rewrite.php(44): require_once('C:\\xampp3\\htdocs\\lab11_ci\\ci4\\public\\index.php')
CRITICAL - 2026-06-07 05:07:27 --> CodeIgniter\Database\Exceptions\DatabaseException: Column 'gambar' cannot be null
[Method: POST, Route: admin/artikel/add]
in SYSTEMPATH\Database\BaseConnection.php on line 724.
 1 SYSTEMPATH\Database\BaseBuilder.php(2345): CodeIgniter\Database\BaseConnection->query('INSERT INTO `artikel` (`judul`, `isi`, `status`, `id_kategori`, `slug`, `gambar`) VALUES (:judul:, :isi:, :status:, :id_kategori:, :slug:, :gambar:)', [...], false)
 2 SYSTEMPATH\Model.php(356): CodeIgniter\Database\BaseBuilder->insert()
 3 SYSTEMPATH\BaseModel.php(898): CodeIgniter\Model->doInsert([...])
 4 SYSTEMPATH\Model.php(665): CodeIgniter\BaseModel->insert([...], true)
 5 APPPATH\Controllers\Artikel.php(98): CodeIgniter\Model->insert([...])
 6 SYSTEMPATH\CodeIgniter.php(951): App\Controllers\Artikel->add()
 7 SYSTEMPATH\CodeIgniter.php(497): CodeIgniter\CodeIgniter->runController(Object(App\Controllers\Artikel))
 8 SYSTEMPATH\CodeIgniter.php(340): CodeIgniter\CodeIgniter->handleRequest(null, Object(Config\Cache), false)
 9 SYSTEMPATH\Boot.php(417): CodeIgniter\CodeIgniter->run()
10 SYSTEMPATH\Boot.php(68): CodeIgniter\Boot::runCodeIgniter(Object(CodeIgniter\CodeIgniter))
11 FCPATH\index.php(60): CodeIgniter\Boot::bootWeb(Object(Config\Paths))
12 SYSTEMPATH\rewrite.php(44): require_once('C:\\xampp3\\htdocs\\lab11_ci\\ci4\\public\\index.php')
CRITICAL - 2026-06-07 05:07:27 --> [Caused by] CodeIgniter\Database\Exceptions\DatabaseException: Column 'gambar' cannot be null
in SYSTEMPATH\Database\MySQLi\Connection.php on line 310.
 1 SYSTEMPATH\Database\BaseConnection.php(769): CodeIgniter\Database\MySQLi\Connection->execute('INSERT INTO `artikel` (`judul`, `isi`, `status`, `id_kategori`, `slug`, `gambar`) VALUES (\'Teknologi dan AI Menggantikan Pekerjaan\', \'Menurut saya manusia masih bisa lebih unggul dari teknologi karena data yang diolah kecerdasan buatan(ai), sudah lebih dahulu dimunculkan manusia. Keunggulan manusia yang tidak dapat ditiru ai adalah hati nurani dan berpikir secara logika. Bergesernya pola pekerjaan akibat manusia tidak mau berpikir lebih keras, sifat ketergantungan membuat daya pikir lambat dan tidak dapat beradaptasi dengan ai. Manusia perlu terus belajar dan meningkatkan keterampilan digital sehingga mampu berkolaborasi dengan teknologi. \', \'1\', \'1\', \'Teknologi-dan-AI-Menggantikan-Pekerjaan\', NULL)')
 2 SYSTEMPATH\Database\BaseConnection.php(686): CodeIgniter\Database\BaseConnection->simpleQuery('INSERT INTO `artikel` (`judul`, `isi`, `status`, `id_kategori`, `slug`, `gambar`) VALUES (\'Teknologi dan AI Menggantikan Pekerjaan\', \'Menurut saya manusia masih bisa lebih unggul dari teknologi karena data yang diolah kecerdasan buatan(ai), sudah lebih dahulu dimunculkan manusia. Keunggulan manusia yang tidak dapat ditiru ai adalah hati nurani dan berpikir secara logika. Bergesernya pola pekerjaan akibat manusia tidak mau berpikir lebih keras, sifat ketergantungan membuat daya pikir lambat dan tidak dapat beradaptasi dengan ai. Manusia perlu terus belajar dan meningkatkan keterampilan digital sehingga mampu berkolaborasi dengan teknologi. \', \'1\', \'1\', \'Teknologi-dan-AI-Menggantikan-Pekerjaan\', NULL)')
 3 SYSTEMPATH\Database\BaseBuilder.php(2345): CodeIgniter\Database\BaseConnection->query('INSERT INTO `artikel` (`judul`, `isi`, `status`, `id_kategori`, `slug`, `gambar`) VALUES (:judul:, :isi:, :status:, :id_kategori:, :slug:, :gambar:)', [...], false)
 4 SYSTEMPATH\Model.php(356): CodeIgniter\Database\BaseBuilder->insert()
 5 SYSTEMPATH\BaseModel.php(898): CodeIgniter\Model->doInsert([...])
 6 SYSTEMPATH\Model.php(665): CodeIgniter\BaseModel->insert([...], true)
 7 APPPATH\Controllers\Artikel.php(98): CodeIgniter\Model->insert([...])
 8 SYSTEMPATH\CodeIgniter.php(951): App\Controllers\Artikel->add()
 9 SYSTEMPATH\CodeIgniter.php(497): CodeIgniter\CodeIgniter->runController(Object(App\Controllers\Artikel))
10 SYSTEMPATH\CodeIgniter.php(340): CodeIgniter\CodeIgniter->handleRequest(null, Object(Config\Cache), false)
11 SYSTEMPATH\Boot.php(417): CodeIgniter\CodeIgniter->run()
12 SYSTEMPATH\Boot.php(68): CodeIgniter\Boot::runCodeIgniter(Object(CodeIgniter\CodeIgniter))
13 FCPATH\index.php(60): CodeIgniter\Boot::bootWeb(Object(Config\Paths))
14 SYSTEMPATH\rewrite.php(44): require_once('C:\\xampp3\\htdocs\\lab11_ci\\ci4\\public\\index.php')
CRITICAL - 2026-06-07 05:07:27 --> [Caused by] mysqli_sql_exception: Column 'gambar' cannot be null
in SYSTEMPATH\Database\MySQLi\Connection.php on line 300.
 1 SYSTEMPATH\Database\MySQLi\Connection.php(300): mysqli->query('INSERT INTO `artikel` (`judul`, `isi`, `status`, `id_kategori`, `slug`, `gambar`) VALUES (\'Teknologi dan AI Menggantikan Pekerjaan\', \'Menurut saya manusia masih bisa lebih unggul dari teknologi karena data yang diolah kecerdasan buatan(ai), sudah lebih dahulu dimunculkan manusia. Keunggulan manusia yang tidak dapat ditiru ai adalah hati nurani dan berpikir secara logika. Bergesernya pola pekerjaan akibat manusia tidak mau berpikir lebih keras, sifat ketergantungan membuat daya pikir lambat dan tidak dapat beradaptasi dengan ai. Manusia perlu terus belajar dan meningkatkan keterampilan digital sehingga mampu berkolaborasi dengan teknologi. \', \'1\', \'1\', \'Teknologi-dan-AI-Menggantikan-Pekerjaan\', NULL)', 0)
 2 SYSTEMPATH\Database\BaseConnection.php(769): CodeIgniter\Database\MySQLi\Connection->execute('INSERT INTO `artikel` (`judul`, `isi`, `status`, `id_kategori`, `slug`, `gambar`) VALUES (\'Teknologi dan AI Menggantikan Pekerjaan\', \'Menurut saya manusia masih bisa lebih unggul dari teknologi karena data yang diolah kecerdasan buatan(ai), sudah lebih dahulu dimunculkan manusia. Keunggulan manusia yang tidak dapat ditiru ai adalah hati nurani dan berpikir secara logika. Bergesernya pola pekerjaan akibat manusia tidak mau berpikir lebih keras, sifat ketergantungan membuat daya pikir lambat dan tidak dapat beradaptasi dengan ai. Manusia perlu terus belajar dan meningkatkan keterampilan digital sehingga mampu berkolaborasi dengan teknologi. \', \'1\', \'1\', \'Teknologi-dan-AI-Menggantikan-Pekerjaan\', NULL)')
 3 SYSTEMPATH\Database\BaseConnection.php(686): CodeIgniter\Database\BaseConnection->simpleQuery('INSERT INTO `artikel` (`judul`, `isi`, `status`, `id_kategori`, `slug`, `gambar`) VALUES (\'Teknologi dan AI Menggantikan Pekerjaan\', \'Menurut saya manusia masih bisa lebih unggul dari teknologi karena data yang diolah kecerdasan buatan(ai), sudah lebih dahulu dimunculkan manusia. Keunggulan manusia yang tidak dapat ditiru ai adalah hati nurani dan berpikir secara logika. Bergesernya pola pekerjaan akibat manusia tidak mau berpikir lebih keras, sifat ketergantungan membuat daya pikir lambat dan tidak dapat beradaptasi dengan ai. Manusia perlu terus belajar dan meningkatkan keterampilan digital sehingga mampu berkolaborasi dengan teknologi. \', \'1\', \'1\', \'Teknologi-dan-AI-Menggantikan-Pekerjaan\', NULL)')
 4 SYSTEMPATH\Database\BaseBuilder.php(2345): CodeIgniter\Database\BaseConnection->query('INSERT INTO `artikel` (`judul`, `isi`, `status`, `id_kategori`, `slug`, `gambar`) VALUES (:judul:, :isi:, :status:, :id_kategori:, :slug:, :gambar:)', [...], false)
 5 SYSTEMPATH\Model.php(356): CodeIgniter\Database\BaseBuilder->insert()
 6 SYSTEMPATH\BaseModel.php(898): CodeIgniter\Model->doInsert([...])
 7 SYSTEMPATH\Model.php(665): CodeIgniter\BaseModel->insert([...], true)
 8 APPPATH\Controllers\Artikel.php(98): CodeIgniter\Model->insert([...])
 9 SYSTEMPATH\CodeIgniter.php(951): App\Controllers\Artikel->add()
10 SYSTEMPATH\CodeIgniter.php(497): CodeIgniter\CodeIgniter->runController(Object(App\Controllers\Artikel))
11 SYSTEMPATH\CodeIgniter.php(340): CodeIgniter\CodeIgniter->handleRequest(null, Object(Config\Cache), false)
12 SYSTEMPATH\Boot.php(417): CodeIgniter\CodeIgniter->run()
13 SYSTEMPATH\Boot.php(68): CodeIgniter\Boot::runCodeIgniter(Object(CodeIgniter\CodeIgniter))
14 FCPATH\index.php(60): CodeIgniter\Boot::bootWeb(Object(Config\Paths))
15 SYSTEMPATH\rewrite.php(44): require_once('C:\\xampp3\\htdocs\\lab11_ci\\ci4\\public\\index.php')
ERROR - 2026-06-07 05:07:42 --> Column 'gambar' cannot be null
in SYSTEMPATH\Database\MySQLi\Connection.php on line 300.
 1 SYSTEMPATH\Database\MySQLi\Connection.php(300): mysqli->query('INSERT INTO `artikel` (`judul`, `isi`, `status`, `id_kategori`, `slug`, `gambar`) VALUES (\'Teknologi dan AI Menggantikan Pekerjaan\', \'Menurut saya manusia masih bisa lebih unggul dari teknologi karena data yang diolah kecerdasan buatan(ai), sudah lebih dahulu dimunculkan manusia. Keunggulan manusia yang tidak dapat ditiru ai adalah hati nurani dan berpikir secara logika. Bergesernya pola pekerjaan akibat manusia tidak mau berpikir lebih keras, sifat ketergantungan membuat daya pikir lambat dan tidak dapat beradaptasi dengan ai.\', \'1\', \'1\', \'Teknologi-dan-AI-Menggantikan-Pekerjaan\', NULL)', 0)
 2 SYSTEMPATH\Database\BaseConnection.php(769): CodeIgniter\Database\MySQLi\Connection->execute('INSERT INTO `artikel` (`judul`, `isi`, `status`, `id_kategori`, `slug`, `gambar`) VALUES (\'Teknologi dan AI Menggantikan Pekerjaan\', \'Menurut saya manusia masih bisa lebih unggul dari teknologi karena data yang diolah kecerdasan buatan(ai), sudah lebih dahulu dimunculkan manusia. Keunggulan manusia yang tidak dapat ditiru ai adalah hati nurani dan berpikir secara logika. Bergesernya pola pekerjaan akibat manusia tidak mau berpikir lebih keras, sifat ketergantungan membuat daya pikir lambat dan tidak dapat beradaptasi dengan ai.\', \'1\', \'1\', \'Teknologi-dan-AI-Menggantikan-Pekerjaan\', NULL)')
 3 SYSTEMPATH\Database\BaseConnection.php(686): CodeIgniter\Database\BaseConnection->simpleQuery('INSERT INTO `artikel` (`judul`, `isi`, `status`, `id_kategori`, `slug`, `gambar`) VALUES (\'Teknologi dan AI Menggantikan Pekerjaan\', \'Menurut saya manusia masih bisa lebih unggul dari teknologi karena data yang diolah kecerdasan buatan(ai), sudah lebih dahulu dimunculkan manusia. Keunggulan manusia yang tidak dapat ditiru ai adalah hati nurani dan berpikir secara logika. Bergesernya pola pekerjaan akibat manusia tidak mau berpikir lebih keras, sifat ketergantungan membuat daya pikir lambat dan tidak dapat beradaptasi dengan ai.\', \'1\', \'1\', \'Teknologi-dan-AI-Menggantikan-Pekerjaan\', NULL)')
 4 SYSTEMPATH\Database\BaseBuilder.php(2345): CodeIgniter\Database\BaseConnection->query('INSERT INTO `artikel` (`judul`, `isi`, `status`, `id_kategori`, `slug`, `gambar`) VALUES (:judul:, :isi:, :status:, :id_kategori:, :slug:, :gambar:)', [...], false)
 5 SYSTEMPATH\Model.php(356): CodeIgniter\Database\BaseBuilder->insert()
 6 SYSTEMPATH\BaseModel.php(898): CodeIgniter\Model->doInsert([...])
 7 SYSTEMPATH\Model.php(665): CodeIgniter\BaseModel->insert([...], true)
 8 APPPATH\Controllers\Artikel.php(98): CodeIgniter\Model->insert([...])
 9 SYSTEMPATH\CodeIgniter.php(951): App\Controllers\Artikel->add()
10 SYSTEMPATH\CodeIgniter.php(497): CodeIgniter\CodeIgniter->runController(Object(App\Controllers\Artikel))
11 SYSTEMPATH\CodeIgniter.php(340): CodeIgniter\CodeIgniter->handleRequest(null, Object(Config\Cache), false)
12 SYSTEMPATH\Boot.php(417): CodeIgniter\CodeIgniter->run()
13 SYSTEMPATH\Boot.php(68): CodeIgniter\Boot::runCodeIgniter(Object(CodeIgniter\CodeIgniter))
14 FCPATH\index.php(60): CodeIgniter\Boot::bootWeb(Object(Config\Paths))
15 SYSTEMPATH\rewrite.php(44): require_once('C:\\xampp3\\htdocs\\lab11_ci\\ci4\\public\\index.php')
CRITICAL - 2026-06-07 05:07:42 --> CodeIgniter\Database\Exceptions\DatabaseException: Column 'gambar' cannot be null
[Method: POST, Route: admin/artikel/add]
in SYSTEMPATH\Database\BaseConnection.php on line 724.
 1 SYSTEMPATH\Database\BaseBuilder.php(2345): CodeIgniter\Database\BaseConnection->query('INSERT INTO `artikel` (`judul`, `isi`, `status`, `id_kategori`, `slug`, `gambar`) VALUES (:judul:, :isi:, :status:, :id_kategori:, :slug:, :gambar:)', [...], false)
 2 SYSTEMPATH\Model.php(356): CodeIgniter\Database\BaseBuilder->insert()
 3 SYSTEMPATH\BaseModel.php(898): CodeIgniter\Model->doInsert([...])
 4 SYSTEMPATH\Model.php(665): CodeIgniter\BaseModel->insert([...], true)
 5 APPPATH\Controllers\Artikel.php(98): CodeIgniter\Model->insert([...])
 6 SYSTEMPATH\CodeIgniter.php(951): App\Controllers\Artikel->add()
 7 SYSTEMPATH\CodeIgniter.php(497): CodeIgniter\CodeIgniter->runController(Object(App\Controllers\Artikel))
 8 SYSTEMPATH\CodeIgniter.php(340): CodeIgniter\CodeIgniter->handleRequest(null, Object(Config\Cache), false)
 9 SYSTEMPATH\Boot.php(417): CodeIgniter\CodeIgniter->run()
10 SYSTEMPATH\Boot.php(68): CodeIgniter\Boot::runCodeIgniter(Object(CodeIgniter\CodeIgniter))
11 FCPATH\index.php(60): CodeIgniter\Boot::bootWeb(Object(Config\Paths))
12 SYSTEMPATH\rewrite.php(44): require_once('C:\\xampp3\\htdocs\\lab11_ci\\ci4\\public\\index.php')
CRITICAL - 2026-06-07 05:07:42 --> [Caused by] CodeIgniter\Database\Exceptions\DatabaseException: Column 'gambar' cannot be null
in SYSTEMPATH\Database\MySQLi\Connection.php on line 310.
 1 SYSTEMPATH\Database\BaseConnection.php(769): CodeIgniter\Database\MySQLi\Connection->execute('INSERT INTO `artikel` (`judul`, `isi`, `status`, `id_kategori`, `slug`, `gambar`) VALUES (\'Teknologi dan AI Menggantikan Pekerjaan\', \'Menurut saya manusia masih bisa lebih unggul dari teknologi karena data yang diolah kecerdasan buatan(ai), sudah lebih dahulu dimunculkan manusia. Keunggulan manusia yang tidak dapat ditiru ai adalah hati nurani dan berpikir secara logika. Bergesernya pola pekerjaan akibat manusia tidak mau berpikir lebih keras, sifat ketergantungan membuat daya pikir lambat dan tidak dapat beradaptasi dengan ai.\', \'1\', \'1\', \'Teknologi-dan-AI-Menggantikan-Pekerjaan\', NULL)')
 2 SYSTEMPATH\Database\BaseConnection.php(686): CodeIgniter\Database\BaseConnection->simpleQuery('INSERT INTO `artikel` (`judul`, `isi`, `status`, `id_kategori`, `slug`, `gambar`) VALUES (\'Teknologi dan AI Menggantikan Pekerjaan\', \'Menurut saya manusia masih bisa lebih unggul dari teknologi karena data yang diolah kecerdasan buatan(ai), sudah lebih dahulu dimunculkan manusia. Keunggulan manusia yang tidak dapat ditiru ai adalah hati nurani dan berpikir secara logika. Bergesernya pola pekerjaan akibat manusia tidak mau berpikir lebih keras, sifat ketergantungan membuat daya pikir lambat dan tidak dapat beradaptasi dengan ai.\', \'1\', \'1\', \'Teknologi-dan-AI-Menggantikan-Pekerjaan\', NULL)')
 3 SYSTEMPATH\Database\BaseBuilder.php(2345): CodeIgniter\Database\BaseConnection->query('INSERT INTO `artikel` (`judul`, `isi`, `status`, `id_kategori`, `slug`, `gambar`) VALUES (:judul:, :isi:, :status:, :id_kategori:, :slug:, :gambar:)', [...], false)
 4 SYSTEMPATH\Model.php(356): CodeIgniter\Database\BaseBuilder->insert()
 5 SYSTEMPATH\BaseModel.php(898): CodeIgniter\Model->doInsert([...])
 6 SYSTEMPATH\Model.php(665): CodeIgniter\BaseModel->insert([...], true)
 7 APPPATH\Controllers\Artikel.php(98): CodeIgniter\Model->insert([...])
 8 SYSTEMPATH\CodeIgniter.php(951): App\Controllers\Artikel->add()
 9 SYSTEMPATH\CodeIgniter.php(497): CodeIgniter\CodeIgniter->runController(Object(App\Controllers\Artikel))
10 SYSTEMPATH\CodeIgniter.php(340): CodeIgniter\CodeIgniter->handleRequest(null, Object(Config\Cache), false)
11 SYSTEMPATH\Boot.php(417): CodeIgniter\CodeIgniter->run()
12 SYSTEMPATH\Boot.php(68): CodeIgniter\Boot::runCodeIgniter(Object(CodeIgniter\CodeIgniter))
13 FCPATH\index.php(60): CodeIgniter\Boot::bootWeb(Object(Config\Paths))
14 SYSTEMPATH\rewrite.php(44): require_once('C:\\xampp3\\htdocs\\lab11_ci\\ci4\\public\\index.php')
CRITICAL - 2026-06-07 05:07:42 --> [Caused by] mysqli_sql_exception: Column 'gambar' cannot be null
in SYSTEMPATH\Database\MySQLi\Connection.php on line 300.
 1 SYSTEMPATH\Database\MySQLi\Connection.php(300): mysqli->query('INSERT INTO `artikel` (`judul`, `isi`, `status`, `id_kategori`, `slug`, `gambar`) VALUES (\'Teknologi dan AI Menggantikan Pekerjaan\', \'Menurut saya manusia masih bisa lebih unggul dari teknologi karena data yang diolah kecerdasan buatan(ai), sudah lebih dahulu dimunculkan manusia. Keunggulan manusia yang tidak dapat ditiru ai adalah hati nurani dan berpikir secara logika. Bergesernya pola pekerjaan akibat manusia tidak mau berpikir lebih keras, sifat ketergantungan membuat daya pikir lambat dan tidak dapat beradaptasi dengan ai.\', \'1\', \'1\', \'Teknologi-dan-AI-Menggantikan-Pekerjaan\', NULL)', 0)
 2 SYSTEMPATH\Database\BaseConnection.php(769): CodeIgniter\Database\MySQLi\Connection->execute('INSERT INTO `artikel` (`judul`, `isi`, `status`, `id_kategori`, `slug`, `gambar`) VALUES (\'Teknologi dan AI Menggantikan Pekerjaan\', \'Menurut saya manusia masih bisa lebih unggul dari teknologi karena data yang diolah kecerdasan buatan(ai), sudah lebih dahulu dimunculkan manusia. Keunggulan manusia yang tidak dapat ditiru ai adalah hati nurani dan berpikir secara logika. Bergesernya pola pekerjaan akibat manusia tidak mau berpikir lebih keras, sifat ketergantungan membuat daya pikir lambat dan tidak dapat beradaptasi dengan ai.\', \'1\', \'1\', \'Teknologi-dan-AI-Menggantikan-Pekerjaan\', NULL)')
 3 SYSTEMPATH\Database\BaseConnection.php(686): CodeIgniter\Database\BaseConnection->simpleQuery('INSERT INTO `artikel` (`judul`, `isi`, `status`, `id_kategori`, `slug`, `gambar`) VALUES (\'Teknologi dan AI Menggantikan Pekerjaan\', \'Menurut saya manusia masih bisa lebih unggul dari teknologi karena data yang diolah kecerdasan buatan(ai), sudah lebih dahulu dimunculkan manusia. Keunggulan manusia yang tidak dapat ditiru ai adalah hati nurani dan berpikir secara logika. Bergesernya pola pekerjaan akibat manusia tidak mau berpikir lebih keras, sifat ketergantungan membuat daya pikir lambat dan tidak dapat beradaptasi dengan ai.\', \'1\', \'1\', \'Teknologi-dan-AI-Menggantikan-Pekerjaan\', NULL)')
 4 SYSTEMPATH\Database\BaseBuilder.php(2345): CodeIgniter\Database\BaseConnection->query('INSERT INTO `artikel` (`judul`, `isi`, `status`, `id_kategori`, `slug`, `gambar`) VALUES (:judul:, :isi:, :status:, :id_kategori:, :slug:, :gambar:)', [...], false)
 5 SYSTEMPATH\Model.php(356): CodeIgniter\Database\BaseBuilder->insert()
 6 SYSTEMPATH\BaseModel.php(898): CodeIgniter\Model->doInsert([...])
 7 SYSTEMPATH\Model.php(665): CodeIgniter\BaseModel->insert([...], true)
 8 APPPATH\Controllers\Artikel.php(98): CodeIgniter\Model->insert([...])
 9 SYSTEMPATH\CodeIgniter.php(951): App\Controllers\Artikel->add()
10 SYSTEMPATH\CodeIgniter.php(497): CodeIgniter\CodeIgniter->runController(Object(App\Controllers\Artikel))
11 SYSTEMPATH\CodeIgniter.php(340): CodeIgniter\CodeIgniter->handleRequest(null, Object(Config\Cache), false)
12 SYSTEMPATH\Boot.php(417): CodeIgniter\CodeIgniter->run()
13 SYSTEMPATH\Boot.php(68): CodeIgniter\Boot::runCodeIgniter(Object(CodeIgniter\CodeIgniter))
14 FCPATH\index.php(60): CodeIgniter\Boot::bootWeb(Object(Config\Paths))
15 SYSTEMPATH\rewrite.php(44): require_once('C:\\xampp3\\htdocs\\lab11_ci\\ci4\\public\\index.php')
ERROR - 2026-06-07 05:07:58 --> Column 'gambar' cannot be null
in SYSTEMPATH\Database\MySQLi\Connection.php on line 300.
 1 SYSTEMPATH\Database\MySQLi\Connection.php(300): mysqli->query('INSERT INTO `artikel` (`judul`, `isi`, `status`, `id_kategori`, `slug`, `gambar`) VALUES (\'Teknologi dan AI Menggantikan Pekerjaan\', \'Menurut saya manusia masih bisa lebih unggul dari teknologi karena data yang diolah kecerdasan buatan(ai), sudah lebih dahulu dimunculkan manusia. Keunggulan manusia yang tidak dapat ditiru ai adalah hati nurani dan berpikir secara logika.\', \'1\', \'1\', \'Teknologi-dan-AI-Menggantikan-Pekerjaan\', NULL)', 0)
 2 SYSTEMPATH\Database\BaseConnection.php(769): CodeIgniter\Database\MySQLi\Connection->execute('INSERT INTO `artikel` (`judul`, `isi`, `status`, `id_kategori`, `slug`, `gambar`) VALUES (\'Teknologi dan AI Menggantikan Pekerjaan\', \'Menurut saya manusia masih bisa lebih unggul dari teknologi karena data yang diolah kecerdasan buatan(ai), sudah lebih dahulu dimunculkan manusia. Keunggulan manusia yang tidak dapat ditiru ai adalah hati nurani dan berpikir secara logika.\', \'1\', \'1\', \'Teknologi-dan-AI-Menggantikan-Pekerjaan\', NULL)')
 3 SYSTEMPATH\Database\BaseConnection.php(686): CodeIgniter\Database\BaseConnection->simpleQuery('INSERT INTO `artikel` (`judul`, `isi`, `status`, `id_kategori`, `slug`, `gambar`) VALUES (\'Teknologi dan AI Menggantikan Pekerjaan\', \'Menurut saya manusia masih bisa lebih unggul dari teknologi karena data yang diolah kecerdasan buatan(ai), sudah lebih dahulu dimunculkan manusia. Keunggulan manusia yang tidak dapat ditiru ai adalah hati nurani dan berpikir secara logika.\', \'1\', \'1\', \'Teknologi-dan-AI-Menggantikan-Pekerjaan\', NULL)')
 4 SYSTEMPATH\Database\BaseBuilder.php(2345): CodeIgniter\Database\BaseConnection->query('INSERT INTO `artikel` (`judul`, `isi`, `status`, `id_kategori`, `slug`, `gambar`) VALUES (:judul:, :isi:, :status:, :id_kategori:, :slug:, :gambar:)', [...], false)
 5 SYSTEMPATH\Model.php(356): CodeIgniter\Database\BaseBuilder->insert()
 6 SYSTEMPATH\BaseModel.php(898): CodeIgniter\Model->doInsert([...])
 7 SYSTEMPATH\Model.php(665): CodeIgniter\BaseModel->insert([...], true)
 8 APPPATH\Controllers\Artikel.php(98): CodeIgniter\Model->insert([...])
 9 SYSTEMPATH\CodeIgniter.php(951): App\Controllers\Artikel->add()
10 SYSTEMPATH\CodeIgniter.php(497): CodeIgniter\CodeIgniter->runController(Object(App\Controllers\Artikel))
11 SYSTEMPATH\CodeIgniter.php(340): CodeIgniter\CodeIgniter->handleRequest(null, Object(Config\Cache), false)
12 SYSTEMPATH\Boot.php(417): CodeIgniter\CodeIgniter->run()
13 SYSTEMPATH\Boot.php(68): CodeIgniter\Boot::runCodeIgniter(Object(CodeIgniter\CodeIgniter))
14 FCPATH\index.php(60): CodeIgniter\Boot::bootWeb(Object(Config\Paths))
15 SYSTEMPATH\rewrite.php(44): require_once('C:\\xampp3\\htdocs\\lab11_ci\\ci4\\public\\index.php')
CRITICAL - 2026-06-07 05:07:58 --> CodeIgniter\Database\Exceptions\DatabaseException: Column 'gambar' cannot be null
[Method: POST, Route: admin/artikel/add]
in SYSTEMPATH\Database\BaseConnection.php on line 724.
 1 SYSTEMPATH\Database\BaseBuilder.php(2345): CodeIgniter\Database\BaseConnection->query('INSERT INTO `artikel` (`judul`, `isi`, `status`, `id_kategori`, `slug`, `gambar`) VALUES (:judul:, :isi:, :status:, :id_kategori:, :slug:, :gambar:)', [...], false)
 2 SYSTEMPATH\Model.php(356): CodeIgniter\Database\BaseBuilder->insert()
 3 SYSTEMPATH\BaseModel.php(898): CodeIgniter\Model->doInsert([...])
 4 SYSTEMPATH\Model.php(665): CodeIgniter\BaseModel->insert([...], true)
 5 APPPATH\Controllers\Artikel.php(98): CodeIgniter\Model->insert([...])
 6 SYSTEMPATH\CodeIgniter.php(951): App\Controllers\Artikel->add()
 7 SYSTEMPATH\CodeIgniter.php(497): CodeIgniter\CodeIgniter->runController(Object(App\Controllers\Artikel))
 8 SYSTEMPATH\CodeIgniter.php(340): CodeIgniter\CodeIgniter->handleRequest(null, Object(Config\Cache), false)
 9 SYSTEMPATH\Boot.php(417): CodeIgniter\CodeIgniter->run()
10 SYSTEMPATH\Boot.php(68): CodeIgniter\Boot::runCodeIgniter(Object(CodeIgniter\CodeIgniter))
11 FCPATH\index.php(60): CodeIgniter\Boot::bootWeb(Object(Config\Paths))
12 SYSTEMPATH\rewrite.php(44): require_once('C:\\xampp3\\htdocs\\lab11_ci\\ci4\\public\\index.php')
CRITICAL - 2026-06-07 05:07:58 --> [Caused by] CodeIgniter\Database\Exceptions\DatabaseException: Column 'gambar' cannot be null
in SYSTEMPATH\Database\MySQLi\Connection.php on line 310.
 1 SYSTEMPATH\Database\BaseConnection.php(769): CodeIgniter\Database\MySQLi\Connection->execute('INSERT INTO `artikel` (`judul`, `isi`, `status`, `id_kategori`, `slug`, `gambar`) VALUES (\'Teknologi dan AI Menggantikan Pekerjaan\', \'Menurut saya manusia masih bisa lebih unggul dari teknologi karena data yang diolah kecerdasan buatan(ai), sudah lebih dahulu dimunculkan manusia. Keunggulan manusia yang tidak dapat ditiru ai adalah hati nurani dan berpikir secara logika.\', \'1\', \'1\', \'Teknologi-dan-AI-Menggantikan-Pekerjaan\', NULL)')
 2 SYSTEMPATH\Database\BaseConnection.php(686): CodeIgniter\Database\BaseConnection->simpleQuery('INSERT INTO `artikel` (`judul`, `isi`, `status`, `id_kategori`, `slug`, `gambar`) VALUES (\'Teknologi dan AI Menggantikan Pekerjaan\', \'Menurut saya manusia masih bisa lebih unggul dari teknologi karena data yang diolah kecerdasan buatan(ai), sudah lebih dahulu dimunculkan manusia. Keunggulan manusia yang tidak dapat ditiru ai adalah hati nurani dan berpikir secara logika.\', \'1\', \'1\', \'Teknologi-dan-AI-Menggantikan-Pekerjaan\', NULL)')
 3 SYSTEMPATH\Database\BaseBuilder.php(2345): CodeIgniter\Database\BaseConnection->query('INSERT INTO `artikel` (`judul`, `isi`, `status`, `id_kategori`, `slug`, `gambar`) VALUES (:judul:, :isi:, :status:, :id_kategori:, :slug:, :gambar:)', [...], false)
 4 SYSTEMPATH\Model.php(356): CodeIgniter\Database\BaseBuilder->insert()
 5 SYSTEMPATH\BaseModel.php(898): CodeIgniter\Model->doInsert([...])
 6 SYSTEMPATH\Model.php(665): CodeIgniter\BaseModel->insert([...], true)
 7 APPPATH\Controllers\Artikel.php(98): CodeIgniter\Model->insert([...])
 8 SYSTEMPATH\CodeIgniter.php(951): App\Controllers\Artikel->add()
 9 SYSTEMPATH\CodeIgniter.php(497): CodeIgniter\CodeIgniter->runController(Object(App\Controllers\Artikel))
10 SYSTEMPATH\CodeIgniter.php(340): CodeIgniter\CodeIgniter->handleRequest(null, Object(Config\Cache), false)
11 SYSTEMPATH\Boot.php(417): CodeIgniter\CodeIgniter->run()
12 SYSTEMPATH\Boot.php(68): CodeIgniter\Boot::runCodeIgniter(Object(CodeIgniter\CodeIgniter))
13 FCPATH\index.php(60): CodeIgniter\Boot::bootWeb(Object(Config\Paths))
14 SYSTEMPATH\rewrite.php(44): require_once('C:\\xampp3\\htdocs\\lab11_ci\\ci4\\public\\index.php')
CRITICAL - 2026-06-07 05:07:58 --> [Caused by] mysqli_sql_exception: Column 'gambar' cannot be null
in SYSTEMPATH\Database\MySQLi\Connection.php on line 300.
 1 SYSTEMPATH\Database\MySQLi\Connection.php(300): mysqli->query('INSERT INTO `artikel` (`judul`, `isi`, `status`, `id_kategori`, `slug`, `gambar`) VALUES (\'Teknologi dan AI Menggantikan Pekerjaan\', \'Menurut saya manusia masih bisa lebih unggul dari teknologi karena data yang diolah kecerdasan buatan(ai), sudah lebih dahulu dimunculkan manusia. Keunggulan manusia yang tidak dapat ditiru ai adalah hati nurani dan berpikir secara logika.\', \'1\', \'1\', \'Teknologi-dan-AI-Menggantikan-Pekerjaan\', NULL)', 0)
 2 SYSTEMPATH\Database\BaseConnection.php(769): CodeIgniter\Database\MySQLi\Connection->execute('INSERT INTO `artikel` (`judul`, `isi`, `status`, `id_kategori`, `slug`, `gambar`) VALUES (\'Teknologi dan AI Menggantikan Pekerjaan\', \'Menurut saya manusia masih bisa lebih unggul dari teknologi karena data yang diolah kecerdasan buatan(ai), sudah lebih dahulu dimunculkan manusia. Keunggulan manusia yang tidak dapat ditiru ai adalah hati nurani dan berpikir secara logika.\', \'1\', \'1\', \'Teknologi-dan-AI-Menggantikan-Pekerjaan\', NULL)')
 3 SYSTEMPATH\Database\BaseConnection.php(686): CodeIgniter\Database\BaseConnection->simpleQuery('INSERT INTO `artikel` (`judul`, `isi`, `status`, `id_kategori`, `slug`, `gambar`) VALUES (\'Teknologi dan AI Menggantikan Pekerjaan\', \'Menurut saya manusia masih bisa lebih unggul dari teknologi karena data yang diolah kecerdasan buatan(ai), sudah lebih dahulu dimunculkan manusia. Keunggulan manusia yang tidak dapat ditiru ai adalah hati nurani dan berpikir secara logika.\', \'1\', \'1\', \'Teknologi-dan-AI-Menggantikan-Pekerjaan\', NULL)')
 4 SYSTEMPATH\Database\BaseBuilder.php(2345): CodeIgniter\Database\BaseConnection->query('INSERT INTO `artikel` (`judul`, `isi`, `status`, `id_kategori`, `slug`, `gambar`) VALUES (:judul:, :isi:, :status:, :id_kategori:, :slug:, :gambar:)', [...], false)
 5 SYSTEMPATH\Model.php(356): CodeIgniter\Database\BaseBuilder->insert()
 6 SYSTEMPATH\BaseModel.php(898): CodeIgniter\Model->doInsert([...])
 7 SYSTEMPATH\Model.php(665): CodeIgniter\BaseModel->insert([...], true)
 8 APPPATH\Controllers\Artikel.php(98): CodeIgniter\Model->insert([...])
 9 SYSTEMPATH\CodeIgniter.php(951): App\Controllers\Artikel->add()
10 SYSTEMPATH\CodeIgniter.php(497): CodeIgniter\CodeIgniter->runController(Object(App\Controllers\Artikel))
11 SYSTEMPATH\CodeIgniter.php(340): CodeIgniter\CodeIgniter->handleRequest(null, Object(Config\Cache), false)
12 SYSTEMPATH\Boot.php(417): CodeIgniter\CodeIgniter->run()
13 SYSTEMPATH\Boot.php(68): CodeIgniter\Boot::runCodeIgniter(Object(CodeIgniter\CodeIgniter))
14 FCPATH\index.php(60): CodeIgniter\Boot::bootWeb(Object(Config\Paths))
15 SYSTEMPATH\rewrite.php(44): require_once('C:\\xampp3\\htdocs\\lab11_ci\\ci4\\public\\index.php')
