ERROR - 2026-06-09 12:38:00 --> Error connecting to the database: mysqli_sql_exception: No connection could be made because the target machine actively refused it in C:\xampp3\htdocs\lab11_ci\ci4_praktikum\system\Database\MySQLi\Connection.php:201
Stack trace:
#0 C:\xampp3\htdocs\lab11_ci\ci4_praktikum\system\Database\MySQLi\Connection.php(201): mysqli->real_connect('localhost', 'root', Object(SensitiveParameterValue), 'lab_ci4', 3306, '', 0)
#1 C:\xampp3\htdocs\lab11_ci\ci4_praktikum\system\Database\BaseConnection.php(419): CodeIgniter\Database\MySQLi\Connection->connect(false)
#2 C:\xampp3\htdocs\lab11_ci\ci4_praktikum\system\Database\BaseConnection.php(654): CodeIgniter\Database\BaseConnection->initialize()
#3 C:\xampp3\htdocs\lab11_ci\ci4_praktikum\system\Database\BaseBuilder.php(1733): CodeIgniter\Database\BaseConnection->query('SELECT COUNT(*)...', Array, false)
#4 C:\xampp3\htdocs\lab11_ci\ci4_praktikum\system\Model.php(524): CodeIgniter\Database\BaseBuilder->countAllResults(false)
#5 C:\xampp3\htdocs\lab11_ci\ci4_praktikum\system\BaseModel.php(1312): CodeIgniter\Model->countAllResults(false)
#6 C:\xampp3\htdocs\lab11_ci\ci4_praktikum\app\Controllers\Artikel.php(54): CodeIgniter\BaseModel->paginate(10, 'default', 1)
#7 C:\xampp3\htdocs\lab11_ci\ci4_praktikum\system\CodeIgniter.php(951): App\Controllers\Artikel->admin_index()
#8 C:\xampp3\htdocs\lab11_ci\ci4_praktikum\system\CodeIgniter.php(497): CodeIgniter\CodeIgniter->runController(Object(App\Controllers\Artikel))
#9 C:\xampp3\htdocs\lab11_ci\ci4_praktikum\system\CodeIgniter.php(340): CodeIgniter\CodeIgniter->handleRequest(NULL, Object(Config\Cache), false)
#10 C:\xampp3\htdocs\lab11_ci\ci4_praktikum\system\Boot.php(417): CodeIgniter\CodeIgniter->run()
#11 C:\xampp3\htdocs\lab11_ci\ci4_praktikum\system\Boot.php(68): CodeIgniter\Boot::runCodeIgniter(Object(CodeIgniter\CodeIgniter))
#12 C:\xampp3\htdocs\lab11_ci\ci4_praktikum\public\index.php(60): CodeIgniter\Boot::bootWeb(Object(Config\Paths))
#13 C:\xampp3\htdocs\lab11_ci\ci4_praktikum\system\rewrite.php(44): require_once('C:\\xampp3\\htdoc...')
#14 {main}

Next CodeIgniter\Database\Exceptions\DatabaseException: No connection could be made because the target machine actively refused it in C:\xampp3\htdocs\lab11_ci\ci4_praktikum\system\Database\MySQLi\Connection.php:231
Stack trace:
#0 C:\xampp3\htdocs\lab11_ci\ci4_praktikum\system\Database\BaseConnection.php(419): CodeIgniter\Database\MySQLi\Connection->connect(false)
#1 C:\xampp3\htdocs\lab11_ci\ci4_praktikum\system\Database\BaseConnection.php(654): CodeIgniter\Database\BaseConnection->initialize()
#2 C:\xampp3\htdocs\lab11_ci\ci4_praktikum\system\Database\BaseBuilder.php(1733): CodeIgniter\Database\BaseConnection->query('SELECT COUNT(*)...', Array, false)
#3 C:\xampp3\htdocs\lab11_ci\ci4_praktikum\system\Model.php(524): CodeIgniter\Database\BaseBuilder->countAllResults(false)
#4 C:\xampp3\htdocs\lab11_ci\ci4_praktikum\system\BaseModel.php(1312): CodeIgniter\Model->countAllResults(false)
#5 C:\xampp3\htdocs\lab11_ci\ci4_praktikum\app\Controllers\Artikel.php(54): CodeIgniter\BaseModel->paginate(10, 'default', 1)
#6 C:\xampp3\htdocs\lab11_ci\ci4_praktikum\system\CodeIgniter.php(951): App\Controllers\Artikel->admin_index()
#7 C:\xampp3\htdocs\lab11_ci\ci4_praktikum\system\CodeIgniter.php(497): CodeIgniter\CodeIgniter->runController(Object(App\Controllers\Artikel))
#8 C:\xampp3\htdocs\lab11_ci\ci4_praktikum\system\CodeIgniter.php(340): CodeIgniter\CodeIgniter->handleRequest(NULL, Object(Config\Cache), false)
#9 C:\xampp3\htdocs\lab11_ci\ci4_praktikum\system\Boot.php(417): CodeIgniter\CodeIgniter->run()
#10 C:\xampp3\htdocs\lab11_ci\ci4_praktikum\system\Boot.php(68): CodeIgniter\Boot::runCodeIgniter(Object(CodeIgniter\CodeIgniter))
#11 C:\xampp3\htdocs\lab11_ci\ci4_praktikum\public\index.php(60): CodeIgniter\Boot::bootWeb(Object(Config\Paths))
#12 C:\xampp3\htdocs\lab11_ci\ci4_praktikum\system\rewrite.php(44): require_once('C:\\xampp3\\htdoc...')
#13 {main}
CRITICAL - 2026-06-09 12:38:00 --> CodeIgniter\Database\Exceptions\DatabaseException: Unable to connect to the database.
Main connection [MySQLi]: No connection could be made because the target machine actively refused it
[Method: GET, Route: admin/artikel]
in SYSTEMPATH\Database\BaseConnection.php on line 465.
 1 SYSTEMPATH\Database\BaseConnection.php(654): CodeIgniter\Database\BaseConnection->initialize()
 2 SYSTEMPATH\Database\BaseBuilder.php(1733): CodeIgniter\Database\BaseConnection->query('SELECT COUNT(*) AS `numrows`
FROM `artikel`
JOIN `kategori` ON `kategori`.`id_kategori` = `artikel`.`id_kategori`', [], false)
 3 SYSTEMPATH\Model.php(524): CodeIgniter\Database\BaseBuilder->countAllResults(false)
 4 SYSTEMPATH\BaseModel.php(1312): CodeIgniter\Model->countAllResults(false)
 5 APPPATH\Controllers\Artikel.php(54): CodeIgniter\BaseModel->paginate(10, 'default', 1)
 6 SYSTEMPATH\CodeIgniter.php(951): App\Controllers\Artikel->admin_index()
 7 SYSTEMPATH\CodeIgniter.php(497): CodeIgniter\CodeIgniter->runController(Object(App\Controllers\Artikel))
 8 SYSTEMPATH\CodeIgniter.php(340): CodeIgniter\CodeIgniter->handleRequest(null, Object(Config\Cache), false)
 9 SYSTEMPATH\Boot.php(417): CodeIgniter\CodeIgniter->run()
10 SYSTEMPATH\Boot.php(68): CodeIgniter\Boot::runCodeIgniter(Object(CodeIgniter\CodeIgniter))
11 FCPATH\index.php(60): CodeIgniter\Boot::bootWeb(Object(Config\Paths))
12 SYSTEMPATH\rewrite.php(44): require_once('C:\\xampp3\\htdocs\\lab11_ci\\ci4_praktikum\\public\\index.php')
